 CONF#        E (DFT) (+ ΔGsolv)       ΔE (DFT) (+ δΔGsolv)       GmRRHO          Gtot             ΔGtot          Boltzmann weight   
                     [Eh]                   [kcal/mol]             [Eh]           [Eh]           [kcal/mol]        % at 298.15 K     
 CONF1           -390.802558                   0.06                ---         -390.802558          0.06                1.87         
 CONF2           -390.802504                   0.10                ---         -390.802504          0.10                1.76         
 CONF3           -390.801605                   0.66                ---         -390.801605          0.66                0.68         
 CONF4           -390.801345                   0.83                ---         -390.801345          0.83                0.52         
 CONF5           -390.801691                   0.61                ---         -390.801691          0.61                0.75         
 CONF6           -390.801681                   0.62                ---         -390.801681          0.62                0.74         
 CONF7           -390.801612                   0.66                ---         -390.801612          0.66                0.69         
 CONF8           -390.801571                   0.68                ---         -390.801571          0.68                0.66         
 CONF9           -390.801671                   0.62                ---         -390.801671          0.62                0.73         
CONF10           -390.801572                   0.68                ---         -390.801572          0.68                0.66         
CONF11           -390.801534                   0.71                ---         -390.801534          0.71                0.63         
CONF12           -390.801529                   0.71                ---         -390.801529          0.71                0.63         
CONF13           -390.801553                   0.70                ---         -390.801553          0.70                0.64         
CONF14           -390.801618                   0.65                ---         -390.801618          0.65                0.69         
CONF15           -390.801520                   0.72                ---         -390.801520          0.72                0.62         
CONF16           -390.801874                   0.49                ---         -390.801874          0.49                0.90         
CONF17           -390.802662                   0.00                ---         -390.802662          0.00                2.08         
CONF19           -390.800631                   1.27                ---         -390.800631          1.27                0.24         
CONF20           -390.800758                   1.19                ---         -390.800758          1.19                0.28         
CONF21           -390.802058                   0.38                ---         -390.802058          0.38                1.10         
CONF22           -390.800899                   1.11                ---         -390.800899          1.11                0.32         
CONF23           -390.801379                   0.81                ---         -390.801379          0.81                0.54         
CONF24           -390.800797                   1.17                ---         -390.800797          1.17                0.29         
CONF25           -390.801428                   0.77                ---         -390.801428          0.77                0.56         
CONF26           -390.800800                   1.17                ---         -390.800800          1.17                0.29         
CONF27           -390.800769                   1.19                ---         -390.800769          1.19                0.28         
CONF28           -390.800776                   1.18                ---         -390.800776          1.18                0.28         
CONF29           -390.800847                   1.14                ---         -390.800847          1.14                0.30         
CONF30           -390.800729                   1.21                ---         -390.800729          1.21                0.27         
CONF31           -390.800791                   1.17                ---         -390.800791          1.17                0.29         
CONF32           -390.801076                   1.00                ---         -390.801076          1.00                0.39         
CONF33           -390.800807                   1.16                ---         -390.800807          1.16                0.29         
CONF34           -390.801120                   0.97                ---         -390.801120          0.97                0.41         
CONF35           -390.800807                   1.16                ---         -390.800807          1.16                0.29         
CONF36           -390.800804                   1.17                ---         -390.800804          1.17                0.29         
CONF37           -390.801479                   0.74                ---         -390.801479          0.74                0.60         
CONF38           -390.801452                   0.76                ---         -390.801452          0.76                0.58         
CONF39           -390.801474                   0.75                ---         -390.801474          0.75                0.59         
CONF40           -390.801961                   0.44                ---         -390.801961          0.44                0.99         
CONF41           -390.800726                   1.21                ---         -390.800726          1.21                0.27         
CONF42           -390.800784                   1.18                ---         -390.800784          1.18                0.29         
CONF43           -390.801337                   0.83                ---         -390.801337          0.83                0.51         
CONF44           -390.801397                   0.79                ---         -390.801397          0.79                0.55         
CONF45           -390.800441                   1.39                ---         -390.800441          1.39                0.20         
CONF46           -390.800753                   1.20                ---         -390.800753          1.20                0.28         
CONF47           -390.801315                   0.85                ---         -390.801315          0.85                0.50         
CONF48           -390.801316                   0.84                ---         -390.801316          0.84                0.50         
CONF49           -390.801358                   0.82                ---         -390.801358          0.82                0.52         
CONF50           -390.801506                   0.73                ---         -390.801506          0.73                0.61         
CONF51           -390.801332                   0.83                ---         -390.801332          0.83                0.51         
CONF52           -390.801501                   0.73                ---         -390.801501          0.73                0.61         
CONF53           -390.800699                   1.23                ---         -390.800699          1.23                0.26         
CONF54           -390.800423                   1.40                ---         -390.800423          1.40                0.19         
CONF55           -390.800476                   1.37                ---         -390.800476          1.37                0.21         
CONF56           -390.801056                   1.01                ---         -390.801056          1.01                0.38         
CONF57           -390.800787                   1.18                ---         -390.800787          1.18                0.29         
CONF58           -390.801363                   0.81                ---         -390.801363          0.81                0.53         
CONF59           -390.801602                   0.67                ---         -390.801602          0.67                0.68         
CONF60           -390.801603                   0.66                ---         -390.801603          0.66                0.68         
CONF61           -390.800905                   1.10                ---         -390.800905          1.10                0.32         
CONF62           -390.800715                   1.22                ---         -390.800715          1.22                0.27         
CONF63           -390.800704                   1.23                ---         -390.800704          1.23                0.26         
CONF64           -390.800841                   1.14                ---         -390.800841          1.14                0.30         
CONF65           -390.801296                   0.86                ---         -390.801296          0.86                0.49         
CONF66           -390.801305                   0.85                ---         -390.801305          0.85                0.50         
CONF67           -390.801261                   0.88                ---         -390.801261          0.88                0.47         
CONF68           -390.800509                   1.35                ---         -390.800509          1.35                0.21         
CONF69           -390.800421                   1.41                ---         -390.800421          1.41                0.19         
CONF70           -390.800627                   1.28                ---         -390.800627          1.28                0.24         
CONF71           -390.800699                   1.23                ---         -390.800699          1.23                0.26         
CONF72           -390.800709                   1.23                ---         -390.800709          1.23                0.26         
CONF73           -390.800303                   1.48                ---         -390.800303          1.48                0.17         
CONF74           -390.800400                   1.42                ---         -390.800400          1.42                0.19         
CONF75           -390.801664                   0.63                ---         -390.801664          0.63                0.72         
CONF77           -390.801431                   0.77                ---         -390.801431          0.77                0.57         
CONF78           -390.801443                   0.76                ---         -390.801443          0.76                0.57         
CONF81           -390.801726                   0.59                ---         -390.801726          0.59                0.77         
CONF82           -390.801754                   0.57                ---         -390.801754          0.57                0.80         
CONF83           -390.801718                   0.59                ---         -390.801718          0.59                0.77         
CONF84           -390.801723                   0.59                ---         -390.801723          0.59                0.77         
CONF85           -390.801715                   0.59                ---         -390.801715          0.59                0.76         
CONF87           -390.801713                   0.60                ---         -390.801713          0.60                0.76         
CONF89           -390.801800                   0.54                ---         -390.801800          0.54                0.84         
CONF90           -390.801801                   0.54                ---         -390.801801          0.54                0.84         
CONF91           -390.801741                   0.58                ---         -390.801741          0.58                0.79         
CONF93           -390.801125                   0.96                ---         -390.801125          0.96                0.41         
CONF94           -390.800646                   1.27                ---         -390.800646          1.27                0.25         
CONF95           -390.800399                   1.42                ---         -390.800399          1.42                0.19         
CONF96           -390.800635                   1.27                ---         -390.800635          1.27                0.24         
CONF97           -390.801163                   0.94                ---         -390.801163          0.94                0.43         
CONF98           -390.801155                   0.95                ---         -390.801155          0.95                0.42         
CONF100          -390.801109                   0.97                ---         -390.801109          0.97                0.40         
CONF101          -390.801069                   1.00                ---         -390.801069          1.00                0.39         
CONF102          -390.801097                   0.98                ---         -390.801097          0.98                0.40         
CONF103          -390.801100                   0.98                ---         -390.801100          0.98                0.40         
CONF104          -390.801124                   0.97                ---         -390.801124          0.97                0.41         
CONF105          -390.800900                   1.11                ---         -390.800900          1.11                0.32         
CONF106          -390.800991                   1.05                ---         -390.800991          1.05                0.36         
CONF107          -390.800940                   1.08                ---         -390.800940          1.08                0.34         
CONF108          -390.801147                   0.95                ---         -390.801147          0.95                0.42         
CONF109          -390.800788                   1.18                ---         -390.800788          1.18                0.29         
CONF110          -390.800783                   1.18                ---         -390.800783          1.18                0.28         
CONF111          -390.800627                   1.28                ---         -390.800627          1.28                0.24         
CONF112          -390.801141                   0.95                ---         -390.801141          0.95                0.42         
CONF113          -390.801006                   1.04                ---         -390.801006          1.04                0.36         
CONF114          -390.801110                   0.97                ---         -390.801110          0.97                0.40         
CONF115          -390.801118                   0.97                ---         -390.801118          0.97                0.41         
CONF116          -390.800814                   1.16                ---         -390.800814          1.16                0.29         
CONF117          -390.800648                   1.26                ---         -390.800648          1.26                0.25         
CONF118          -390.800724                   1.22                ---         -390.800724          1.22                0.27         
CONF119          -390.801100                   0.98                ---         -390.801100          0.98                0.40         
CONF120          -390.800855                   1.13                ---         -390.800855          1.13                0.31         
CONF121          -390.800819                   1.16                ---         -390.800819          1.16                0.30         
CONF122          -390.801136                   0.96                ---         -390.801136          0.96                0.41         
CONF124          -390.800571                   1.31                ---         -390.800571          1.31                0.23         
CONF125          -390.801046                   1.01                ---         -390.801046          1.01                0.38         
CONF127          -390.801054                   1.01                ---         -390.801054          1.01                0.38         
CONF128          -390.801007                   1.04                ---         -390.801007          1.04                0.36         
CONF129          -390.800340                   1.46                ---         -390.800340          1.46                0.18         
CONF130          -390.801055                   1.01                ---         -390.801055          1.01                0.38         
CONF131          -390.800997                   1.04                ---         -390.800997          1.04                0.36         
CONF132          -390.801024                   1.03                ---         -390.801024          1.03                0.37         
CONF133          -390.800353                   1.45                ---         -390.800353          1.45                0.18         
CONF135          -390.801024                   1.03                ---         -390.801024          1.03                0.37         
CONF136          -390.801014                   1.03                ---         -390.801014          1.03                0.36         
CONF140          -390.801032                   1.02                ---         -390.801032          1.02                0.37         
CONF148          -390.800829                   1.15                ---         -390.800829          1.15                0.30         
CONF149          -390.800945                   1.08                ---         -390.800945          1.08                0.34         
CONF150          -390.800894                   1.11                ---         -390.800894          1.11                0.32         
CONF151          -390.800941                   1.08                ---         -390.800941          1.08                0.34         
CONF155          -390.800809                   1.16                ---         -390.800809          1.16                0.29         
CONF156          -390.800810                   1.16                ---         -390.800810          1.16                0.29         
CONF157          -390.801340                   0.83                ---         -390.801340          0.83                0.51         
CONF159          -390.800895                   1.11                ---         -390.800895          1.11                0.32         
CONF160          -390.800755                   1.20                ---         -390.800755          1.20                0.28         
CONF161          -390.800881                   1.12                ---         -390.800881          1.12                0.32         
CONF163          -390.800882                   1.12                ---         -390.800882          1.12                0.32         
CONF164          -390.800729                   1.21                ---         -390.800729          1.21                0.27         
CONF171          -390.801247                   0.89                ---         -390.801247          0.89                0.47         
CONF172          -390.801648                   0.64                ---         -390.801648          0.64                0.71         
CONF173          -390.800454                   1.39                ---         -390.800454          1.39                0.20         
CONF174          -390.800708                   1.23                ---         -390.800708          1.23                0.26         
CONF175          -390.800710                   1.22                ---         -390.800710          1.22                0.26         
CONF177          -390.801246                   0.89                ---         -390.801246          0.89                0.47         
CONF179          -390.801637                   0.64                ---         -390.801637          0.64                0.70         
CONF182          -390.801048                   1.01                ---         -390.801048          1.01                0.38         
CONF184          -390.801044                   1.02                ---         -390.801044          1.02                0.38         
CONF185          -390.800838                   1.14                ---         -390.800838          1.14                0.30         
CONF186          -390.800389                   1.43                ---         -390.800389          1.43                0.19         
CONF188          -390.800955                   1.07                ---         -390.800955          1.07                0.34         
CONF189          -390.800879                   1.12                ---         -390.800879          1.12                0.32         
CONF191          -390.800328                   1.46                ---         -390.800328          1.46                0.18         
CONF192          -390.800881                   1.12                ---         -390.800881          1.12                0.32         
CONF193          -390.800876                   1.12                ---         -390.800876          1.12                0.31         
CONF196          -390.801535                   0.71                ---         -390.801535          0.71                0.63         
CONF197          -390.801531                   0.71                ---         -390.801531          0.71                0.63         
CONF198          -390.801527                   0.71                ---         -390.801527          0.71                0.63         
CONF199          -390.801057                   1.01                ---         -390.801057          1.01                0.38         
CONF202          -390.800530                   1.34                ---         -390.800530          1.34                0.22         
CONF203          -390.800680                   1.24                ---         -390.800680          1.24                0.26         
CONF204          -390.800345                   1.45                ---         -390.800345          1.45                0.18         
CONF206          -390.801524                   0.71                ---         -390.801524          0.71                0.62         
CONF207          -390.801572                   0.68                ---         -390.801572          0.68                0.66         
CONF208          -390.801522                   0.72                ---         -390.801522          0.72                0.62         
CONF210          -390.800278                   1.50                ---         -390.800278          1.50                0.17         
CONF211          -390.800907                   1.10                ---         -390.800907          1.10                0.33         
CONF212          -390.800374                   1.44                ---         -390.800374          1.44                0.18         
CONF213          -390.800378                   1.43                ---         -390.800378          1.43                0.19         
CONF218          -390.801471                   0.75                ---         -390.801471          0.75                0.59         
CONF219          -390.801424                   0.78                ---         -390.801424          0.78                0.56         
CONF222          -390.800981                   1.05                ---         -390.800981          1.05                0.35         
CONF225          -390.800394                   1.42                ---         -390.800394          1.42                0.19         
CONF228          -390.800862                   1.13                ---         -390.800862          1.13                0.31         
CONF229          -390.800578                   1.31                ---         -390.800578          1.31                0.23         
CONF230          -390.800422                   1.41                ---         -390.800422          1.41                0.19         
CONF231          -390.800422                   1.41                ---         -390.800422          1.41                0.19         
CONF232          -390.800575                   1.31                ---         -390.800575          1.31                0.23         
CONF235          -390.801351                   0.82                ---         -390.801351          0.82                0.52         
CONF236          -390.800305                   1.48                ---         -390.800305          1.48                0.17         
CONF237          -390.801276                   0.87                ---         -390.801276          0.87                0.48         
CONF238          -390.801875                   0.49                ---         -390.801875          0.49                0.91         
CONF241          -390.800740                   1.21                ---         -390.800740          1.21                0.27         
CONF243          -390.800276                   1.50                ---         -390.800276          1.50                0.17         
CONF244          -390.800400                   1.42                ---         -390.800400          1.42                0.19         
CONF247          -390.800549                   1.33                ---         -390.800549          1.33                0.22         
CONF248          -390.800825                   1.15                ---         -390.800825          1.15                0.30         
CONF252          -390.801029                   1.02                ---         -390.801029          1.02                0.37         
CONF253          -390.800655                   1.26                ---         -390.800655          1.26                0.25         
CONF261          -390.800650                   1.26                ---         -390.800650          1.26                0.25         
CONF262          -390.800655                   1.26                ---         -390.800655          1.26                0.25         
CONF263          -390.800652                   1.26                ---         -390.800652          1.26                0.25         
CONF266          -390.800765                   1.19                ---         -390.800765          1.19                0.28         
CONF270          -390.800836                   1.15                ---         -390.800836          1.15                0.30         
CONF271          -390.800848                   1.14                ---         -390.800848          1.14                0.31         
CONF272          -390.800830                   1.15                ---         -390.800830          1.15                0.30         
CONF274          -390.800764                   1.19                ---         -390.800764          1.19                0.28         
CONF275          -390.800882                   1.12                ---         -390.800882          1.12                0.32         
CONF280          -390.800564                   1.32                ---         -390.800564          1.32                0.23         
CONF281          -390.800565                   1.32                ---         -390.800565          1.32                0.23         
CONF282          -390.800846                   1.14                ---         -390.800846          1.14                0.30         
CONF290          -390.800531                   1.34                ---         -390.800531          1.34                0.22         
CONF294          -390.800901                   1.11                ---         -390.800901          1.11                0.32         
CONF295          -390.800909                   1.10                ---         -390.800909          1.10                0.33         
CONF300          -390.800492                   1.36                ---         -390.800492          1.36                0.21         
CONF301          -390.800446                   1.39                ---         -390.800446          1.39                0.20         
CONF303          -390.800446                   1.39                ---         -390.800446          1.39                0.20         
CONF307          -390.800720                   1.22                ---         -390.800720          1.22                0.27         
CONF308          -390.800467                   1.38                ---         -390.800467          1.38                0.20         
CONF315          -390.801293                   0.86                ---         -390.801293          0.86                0.49         
CONF316          -390.801292                   0.86                ---         -390.801292          0.86                0.49         
CONF323          -390.800833                   1.15                ---         -390.800833          1.15                0.30         
CONF325          -390.800562                   1.32                ---         -390.800562          1.32                0.23         
CONF332          -390.800595                   1.30                ---         -390.800595          1.30                0.23         
CONF337          -390.801112                   0.97                ---         -390.801112          0.97                0.40         
CONF339          -390.801125                   0.96                ---         -390.801125          0.96                0.41         
CONF348          -390.800489                   1.36                ---         -390.800489          1.36                0.21         
CONF352          -390.800572                   1.31                ---         -390.800572          1.31                0.23         
CONF353          -390.800466                   1.38                ---         -390.800466          1.38                0.20         
CONF354          -390.800474                   1.37                ---         -390.800474          1.37                0.21         
CONF357          -390.801137                   0.96                ---         -390.801137          0.96                0.41         
CONF366          -390.800349                   1.45                ---         -390.800349          1.45                0.18         
CONF376          -390.800513                   1.35                ---         -390.800513          1.35                0.21         
CONF377          -390.800423                   1.40                ---         -390.800423          1.40                0.19         
CONF382          -390.800526                   1.34                ---         -390.800526          1.34                0.22         
CONF383          -390.800364                   1.44                ---         -390.800364          1.44                0.18         
CONF384          -390.800372                   1.44                ---         -390.800372          1.44                0.18         
CONF386          -390.800625                   1.28                ---         -390.800625          1.28                0.24         
CONF397          -390.801018                   1.03                ---         -390.801018          1.03                0.37         
CONF400          -390.801020                   1.03                ---         -390.801020          1.03                0.37         
CONF401          -390.800350                   1.45                ---         -390.800350          1.45                0.18         
CONF403          -390.801030                   1.02                ---         -390.801030          1.02                0.37         
CONF412          -390.800598                   1.30                ---         -390.800598          1.30                0.23         
CONF421          -390.800601                   1.29                ---         -390.800601          1.29                0.23         
CONF424          -390.800428                   1.40                ---         -390.800428          1.40                0.20         
CONF434          -390.801832                   0.52                ---         -390.801832          0.52                0.87         
CONF439          -390.800408                   1.41                ---         -390.800408          1.41                0.19         
CONF442          -390.800408                   1.41                ---         -390.800408          1.41                0.19         
CONF449          -390.800318                   1.47                ---         -390.800318          1.47                0.17         
CONF450          -390.800322                   1.47                ---         -390.800322          1.47                0.17         
CONF483          -390.800363                   1.44                ---         -390.800363          1.44                0.18         
CONF499          -390.800705                   1.23                ---         -390.800705          1.23                0.26         
CONF507          -390.800779                   1.18                ---         -390.800779          1.18                0.28         
CONF508          -390.800874                   1.12                ---         -390.800874          1.12                0.31         
CONF509          -390.800780                   1.18                ---         -390.800780          1.18                0.28         
CONF529          -390.800698                   1.23                ---         -390.800698          1.23                0.26         
CONF554          -390.800686                   1.24                ---         -390.800686          1.24                0.26         
CONF589          -390.801055                   1.01                ---         -390.801055          1.01                0.38         
CONF619          -390.800483                   1.37                ---         -390.800483          1.37                0.21         
CONF644          -390.800394                   1.42                ---         -390.800394          1.42                0.19         
CONF670          -390.801511                   0.72                ---         -390.801511          0.72                0.62         
CONF675          -390.800536                   1.33                ---         -390.800536          1.33                0.22         
CONF789          -390.800589                   1.30                ---         -390.800589          1.30                0.23         

Boltzmann averaged free energy/enthalpy of ensemble on optimized geometries:
temperature /K:   avE(T) /a.u.   avG(T) /a.u.
    298.15        -390.8012365    -390.8012365     <<==part2==
----------------------------------------------------------------------------------------------------

